c:\users\damir\desktop\3d_fundamentals-master\3d_fundamentals-master\engine\x64\debug\camera.obj
c:\users\damir\desktop\3d_fundamentals-master\3d_fundamentals-master\engine\x64\debug\mainwindow.obj
c:\users\damir\desktop\3d_fundamentals-master\3d_fundamentals-master\engine\x64\debug\gdiplusmanager.obj
c:\users\damir\desktop\3d_fundamentals-master\3d_fundamentals-master\engine\x64\debug\dxerr.obj
c:\users\damir\desktop\3d_fundamentals-master\3d_fundamentals-master\engine\x64\debug\graphics.obj
c:\users\damir\desktop\3d_fundamentals-master\3d_fundamentals-master\engine\x64\debug\game.obj
c:\users\damir\desktop\3d_fundamentals-master\3d_fundamentals-master\engine\x64\debug\keyboard.obj
c:\users\damir\desktop\3d_fundamentals-master\3d_fundamentals-master\engine\x64\debug\surface.obj
c:\users\damir\desktop\3d_fundamentals-master\3d_fundamentals-master\engine\x64\debug\main.obj
c:\users\damir\desktop\3d_fundamentals-master\3d_fundamentals-master\engine\x64\debug\frametimer.obj
c:\users\damir\desktop\3d_fundamentals-master\3d_fundamentals-master\engine\x64\debug\mouse.obj
c:\users\damir\desktop\3d_fundamentals-master\3d_fundamentals-master\engine\x64\debug\ray.obj
c:\users\damir\desktop\3d_fundamentals-master\3d_fundamentals-master\engine\x64\debug\sphere.obj
c:\users\damir\desktop\3d_fundamentals-master\3d_fundamentals-master\engine\x64\debug\vc140.pdb
c:\users\damir\desktop\3d_fundamentals-master\3d_fundamentals-master\engine\x64\debug\vc140.idb
c:\users\damir\desktop\3d_fundamentals-master\3d_fundamentals-master\engine\framebufferps.shh
c:\users\damir\desktop\3d_fundamentals-master\3d_fundamentals-master\engine\framebuffervs.shh
c:\users\damir\desktop\3d_fundamentals-master\3d_fundamentals-master\x64\debug\engine.ilk
c:\users\damir\desktop\3d_fundamentals-master\3d_fundamentals-master\x64\debug\engine.exe
c:\users\damir\desktop\3d_fundamentals-master\3d_fundamentals-master\x64\debug\engine.pdb
c:\users\damir\desktop\3d_fundamentals-master\3d_fundamentals-master\engine\x64\debug\resource.res
c:\users\damir\desktop\3d_fundamentals-master\3d_fundamentals-master\engine\x64\debug\game.obj.enc
c:\users\damir\desktop\3d_fundamentals-master\3d_fundamentals-master\engine\x64\debug\engine.tlog\cl.command.1.tlog
c:\users\damir\desktop\3d_fundamentals-master\3d_fundamentals-master\engine\x64\debug\engine.tlog\cl.read.1.tlog
c:\users\damir\desktop\3d_fundamentals-master\3d_fundamentals-master\engine\x64\debug\engine.tlog\cl.write.1.tlog
c:\users\damir\desktop\3d_fundamentals-master\3d_fundamentals-master\engine\x64\debug\engine.tlog\engine.write.1u.tlog
c:\users\damir\desktop\3d_fundamentals-master\3d_fundamentals-master\engine\x64\debug\engine.tlog\fxc.command.1.tlog
c:\users\damir\desktop\3d_fundamentals-master\3d_fundamentals-master\engine\x64\debug\engine.tlog\fxc.read.1.tlog
c:\users\damir\desktop\3d_fundamentals-master\3d_fundamentals-master\engine\x64\debug\engine.tlog\fxc.write.1.tlog
c:\users\damir\desktop\3d_fundamentals-master\3d_fundamentals-master\engine\x64\debug\engine.tlog\link.command.1.tlog
c:\users\damir\desktop\3d_fundamentals-master\3d_fundamentals-master\engine\x64\debug\engine.tlog\link.read.1.tlog
c:\users\damir\desktop\3d_fundamentals-master\3d_fundamentals-master\engine\x64\debug\engine.tlog\link.write.1.tlog
c:\users\damir\desktop\3d_fundamentals-master\3d_fundamentals-master\engine\x64\debug\engine.tlog\rc.command.1.tlog
c:\users\damir\desktop\3d_fundamentals-master\3d_fundamentals-master\engine\x64\debug\engine.tlog\rc.read.1.tlog
c:\users\damir\desktop\3d_fundamentals-master\3d_fundamentals-master\engine\x64\debug\engine.tlog\rc.write.1.tlog
